Using pre-set license
Built from 'trunk' branch; Version is '6000.0.20f1 (05208a74e9aa) revision 336010'; Using compiler version '193933523'; Build Type 'Release'
OS: 'Windows 10  (10.0.19045) 64bit Professional' Language: 'zh' Physical Memory: 32662 MB
BatchMode: 1, IsHumanControllingUs: 0, StartBugReporterOnCrash: 0, Is64bit: 1, IsPro: 1

COMMAND LINE ARGUMENTS:
D:\Unity\6000.0.20f1\Editor\Unity.exe
-adb2
-batchMode
-noUpm
-name
AssetImportWorker0
-projectPath
E:/Code/2024_1 CA/hw05.06/hw06
-logFile
Logs/AssetImportWorker0.log
-srvPort
7633
-job-worker-count
5
-background-job-worker-count
8
-asset-garbage-collectors
1
Successfully changed project path to: E:/Code/2024_1 CA/hw05.06/hw06
E:/Code/2024_1 CA/hw05.06/hw06
[UnityMemory] Configuration Parameters - Can be set up in boot.config
    "memorysetup-bucket-allocator-granularity=16"
    "memorysetup-bucket-allocator-bucket-count=8"
    "memorysetup-bucket-allocator-block-size=33554432"
    "memorysetup-bucket-allocator-block-count=8"
    "memorysetup-main-allocator-block-size=16777216"
    "memorysetup-thread-allocator-block-size=16777216"
    "memorysetup-gfx-main-allocator-block-size=16777216"
    "memorysetup-gfx-thread-allocator-block-size=16777216"
    "memorysetup-cache-allocator-block-size=4194304"
    "memorysetup-typetree-allocator-block-size=2097152"
    "memorysetup-profiler-bucket-allocator-granularity=16"
    "memorysetup-profiler-bucket-allocator-bucket-count=8"
    "memorysetup-profiler-bucket-allocator-block-size=33554432"
    "memorysetup-profiler-bucket-allocator-block-count=8"
    "memorysetup-profiler-allocator-block-size=16777216"
    "memorysetup-profiler-editor-allocator-block-size=1048576"
    "memorysetup-temp-allocator-size-main=16777216"
    "memorysetup-job-temp-allocator-block-size=2097152"
    "memorysetup-job-temp-allocator-block-size-background=1048576"
    "memorysetup-job-temp-allocator-reduction-small-platforms=262144"
    "memorysetup-allocator-temp-initial-block-size-main=262144"
    "memorysetup-allocator-temp-initial-block-size-worker=262144"
    "memorysetup-temp-allocator-size-background-worker=32768"
    "memorysetup-temp-allocator-size-job-worker=262144"
    "memorysetup-temp-allocator-size-preload-manager=33554432"
    "memorysetup-temp-allocator-size-nav-mesh-worker=65536"
    "memorysetup-temp-allocator-size-audio-worker=65536"
    "memorysetup-temp-allocator-size-cloud-worker=32768"
    "memorysetup-temp-allocator-size-gi-baking-worker=262144"
    "memorysetup-temp-allocator-size-gi-baking-worker=262144"
    "memorysetup-temp-allocator-size-gi-baking-worker=262144"
    "memorysetup-temp-allocator-size-gi-baking-worker=262144"
    "memorysetup-temp-allocator-size-gi-baking-worker=262144"
    "memorysetup-temp-allocator-size-gfx=262144"
Player connection [25180]  Target information:

Player connection [25180]  * "[IP] 10.147.18.165 [Port] 0 [Flags] 2 [Guid] 2366631090 [EditorId] 2366631090 [Version] 1048832 [Id] WindowsEditor(7,DESKTOP-R36U9RK) [Debug] 1 [PackageName] WindowsEditor [ProjectName] Editor" 

Player connection [25180]  * "[IP] 192.168.0.44 [Port] 0 [Flags] 2 [Guid] 2366631090 [EditorId] 2366631090 [Version] 1048832 [Id] WindowsEditor(7,DESKTOP-R36U9RK) [Debug] 1 [PackageName] WindowsEditor [ProjectName] Editor" 

Player connection [25180] Host joined multi-casting on [225.0.0.222:54997]...
Player connection [25180] Host joined alternative multi-casting on [225.0.0.222:34997]...
JobSystem: Creating JobQueue using job-worker-count value 5
[Physics::Module] Initialized fallback backend.
[Physics::Module] Id: 0xdecafbad
Library Redirect Path: Library/
[Physics::Module] Selected backend.
[Physics::Module] Name: PhysX
[Physics::Module] Id: 0xf2b8ea05
[Physics::Module] SDK Version: 4.1.2
[Physics::Module] Integration Version: 1.0.0
[Physics::Module] Threading Mode: Multi-Threaded
Refreshing native plugins compatible for Editor in 1.19 ms, found 3 plugins.
Preloading 0 native plugins for Editor in 0.00 ms.
Initialize engine version: 6000.0.20f1 (05208a74e9aa)
[Subsystems] Discovering subsystems at path D:/Unity/6000.0.20f1/Editor/Data/Resources/UnitySubsystems
[Subsystems] Discovering subsystems at path E:/Code/2024_1 CA/hw05.06/hw06/Assets
GfxDevice: creating device client; kGfxThreadingModeNonThreaded
Direct3D:
    Version:  Direct3D 11.0 [level 11.1]
    Renderer: NVIDIA GeForce RTX 3060 Ti (ID=0x2489)
    Vendor:   NVIDIA
    VRAM:     8024 MB
    Driver:   32.0.15.5585
Initialize mono
Mono path[0] = 'D:/Unity/6000.0.20f1/Editor/Data/Managed'
Mono path[1] = 'D:/Unity/6000.0.20f1/Editor/Data/MonoBleedingEdge/lib/mono/unityjit-win32'
Mono config path = 'D:/Unity/6000.0.20f1/Editor/Data/MonoBleedingEdge/etc'
Using monoOptions --debugger-agent=transport=dt_socket,embedding=1,server=y,suspend=n,address=127.0.0.1:56572
Begin MonoManager ReloadAssembly
Registering precompiled unity dll's ...
Register platform support module: D:/Unity/6000.0.20f1/Editor/Data/PlaybackEngines/WindowsStandaloneSupport/UnityEditor.WindowsStandalone.Extensions.dll
Registered in 0.002984 seconds.
- Loaded All Assemblies, in  0.538 seconds
Native extension for WindowsStandalone target not found
Mono: successfully reloaded assembly
- Finished resetting the current domain, in  0.478 seconds
Domain Reload Profiling: 1016ms
	BeginReloadAssembly (195ms)
		ExecutionOrderSort (0ms)
		DisableScriptedObjects (0ms)
		BackupInstance (0ms)
		ReleaseScriptingObjects (0ms)
		CreateAndSetChildDomain (1ms)
	RebuildCommonClasses (53ms)
	RebuildNativeTypeToScriptingClass (18ms)
	initialDomainReloadingComplete (61ms)
	LoadAllAssembliesAndSetupDomain (210ms)
		LoadAssemblies (194ms)
		RebuildTransferFunctionScriptingTraits (0ms)
		AnalyzeDomain (205ms)
			TypeCache.Refresh (203ms)
				TypeCache.ScanAssembly (186ms)
			BuildScriptInfoCaches (0ms)
			ResolveRequiredComponents (1ms)
	FinalizeReload (479ms)
		ReleaseScriptCaches (0ms)
		RebuildScriptCaches (0ms)
		SetupLoadedEditorAssemblies (417ms)
			LogAssemblyErrors (0ms)
			InitializePlatformSupportModulesInManaged (35ms)
			SetLoadedEditorAssemblies (5ms)
			BeforeProcessingInitializeOnLoad (8ms)
			ProcessInitializeOnLoadAttributes (268ms)
			ProcessInitializeOnLoadMethodAttributes (97ms)
			AfterProcessingInitializeOnLoad (4ms)
			EditorAssembliesLoaded (0ms)
		ExecutionOrderSort2 (0ms)
		AwakeInstancesAfterBackupRestoration (0ms)
Assembly reference Packages/com.unity.cinemachine/Editor/Samples/ExposeHDRPInternals/HDRP-Editor-ref.asmref has no target assembly definition
========================================================================
Worker process is ready to serve import requests
Import Worker Mode flag is 0x00
Assembly reference Packages/com.unity.cinemachine/Editor/Samples/ExposeHDRPInternals/HDRP-Editor-ref.asmref has no target assembly definition
Assembly reference Packages/com.unity.cinemachine/Editor/Samples/ExposeHDRPInternals/HDRP-Editor-ref.asmref has no target assembly definition
Begin MonoManager ReloadAssembly
- Loaded All Assemblies, in  1.768 seconds
Assembly reference Packages/com.unity.cinemachine/Editor/Samples/ExposeHDRPInternals/HDRP-Editor-ref.asmref has no target assembly definition
'Packages/com.unity.cinemachine/Editor/Obsolete/CinemachineVirtualCameraBaseEditor.cs' contains partial class of Unity.Object, exactly 1 of the partial classes needs to be in a file with the same filename. This is to know the one that can be referenced from ie. GameObjects
'Packages/com.unity.cinemachine/Editor/Editors/CinemachineVirtualCameraBaseEditor.cs' contains partial class of Unity.Object, exactly 1 of the partial classes needs to be in a file with the same filename. This is to know the one that can be referenced from ie. GameObjects
Refreshing native plugins compatible for Editor in 0.63 ms, found 3 plugins.
Native extension for WindowsStandalone target not found
Assembly reference Packages/com.unity.cinemachine/Editor/Samples/ExposeHDRPInternals/HDRP-Editor-ref.asmref has no target assembly definition
Package Manager log level set to [2]
[Package Manager] Failed to launch server process. Reason: Unity was launched with the -noUpm command-line argument
[Package Manager] Unable to send message (not connected to server process).
[Package Manager] Cannot connect to Unity Package Manager local server
Mono: successfully reloaded assembly
- Finished resetting the current domain, in  1.097 seconds
Domain Reload Profiling: 2864ms
	BeginReloadAssembly (935ms)
		ExecutionOrderSort (0ms)
		DisableScriptedObjects (11ms)
		BackupInstance (0ms)
		ReleaseScriptingObjects (0ms)
		CreateAndSetChildDomain (58ms)
	RebuildCommonClasses (55ms)
	RebuildNativeTypeToScriptingClass (19ms)
	initialDomainReloadingComplete (94ms)
	LoadAllAssembliesAndSetupDomain (663ms)
		LoadAssemblies (486ms)
		RebuildTransferFunctionScriptingTraits (0ms)
		AnalyzeDomain (366ms)
			TypeCache.Refresh (288ms)
				TypeCache.ScanAssembly (268ms)
			BuildScriptInfoCaches (66ms)
			ResolveRequiredComponents (10ms)
	FinalizeReload (1098ms)
		ReleaseScriptCaches (0ms)
		RebuildScriptCaches (0ms)
		SetupLoadedEditorAssemblies (809ms)
			LogAssemblyErrors (0ms)
			InitializePlatformSupportModulesInManaged (23ms)
			SetLoadedEditorAssemblies (10ms)
			BeforeProcessingInitializeOnLoad (67ms)
			ProcessInitializeOnLoadAttributes (665ms)
			ProcessInitializeOnLoadMethodAttributes (36ms)
			AfterProcessingInitializeOnLoad (7ms)
			EditorAssembliesLoaded (0ms)
		ExecutionOrderSort2 (0ms)
		AwakeInstancesAfterBackupRestoration (6ms)
Launched and connected shader compiler UnityShaderCompiler.exe after 0.01 seconds
Refreshing native plugins compatible for Editor in 0.81 ms, found 3 plugins.
Preloading 0 native plugins for Editor in 0.00 ms.
Unloading 17 Unused Serialized files (Serialized files now loaded: 0)
Unloading 4767 unused Assets / (1.2 MB). Loaded Objects now: 5360.
Memory consumption went from 119.8 MB to 118.5 MB.
Total: 70.940800 ms (FindLiveObjects: 1.755900 ms CreateObjectMapping: 1.182900 ms MarkObjects: 40.931100 ms  DeleteObjects: 27.069300 ms)

========================================================================
Received Import Request.
  Time since last request: 780549.134664 seconds.
  path: Assets/paimon_idle_animation.glb
  artifactKey: Guid(7341a9fd67453f74eb6ceb7e520fd29d) Importer(815301076,1909f56bfc062723c751e8b465ee728b)
Start importing Assets/paimon_idle_animation.glb using Guid(7341a9fd67453f74eb6ceb7e520fd29d) Importer(815301076,1909f56bfc062723c751e8b465ee728b) (PreviewImporter) -> (artifact id: '654732863dc4a23332c4049880c2318a') in 0.4930722 seconds
Number of updated asset objects reloaded before import = 0Number of asset objects unloaded after import = 701

========================================================================
Received Import Request.
  Time since last request: 335.863699 seconds.
  path: Assets/aranara_-_genshin_impact.glb
  artifactKey: Guid(e72e111ed8d245e408acc4db4ec2b8f8) Importer(815301076,1909f56bfc062723c751e8b465ee728b)
Start importing Assets/aranara_-_genshin_impact.glb using Guid(e72e111ed8d245e408acc4db4ec2b8f8) Importer(815301076,1909f56bfc062723c751e8b465ee728b) (PreviewImporter) -> (artifact id: 'd00ac956a6dfa727d68ac94028729a99') in 0.0397938 seconds
Number of updated asset objects reloaded before import = 0Number of asset objects unloaded after import = 56

========================================================================
Received Import Request.
  Time since last request: 170.137148 seconds.
  path: Assets/New Animator Controller.controller
  artifactKey: Guid(079b5615face02145ac7baa7e776ebf7) Importer(815301076,1909f56bfc062723c751e8b465ee728b)
Start importing Assets/New Animator Controller.controller using Guid(079b5615face02145ac7baa7e776ebf7) Importer(815301076,1909f56bfc062723c751e8b465ee728b) (PreviewImporter) -> (artifact id: '5a5215248b7ad6ac4faedf2b4d54814c') in 0.0031561 seconds
Number of updated asset objects reloaded before import = 0Number of asset objects unloaded after import = 1

========================================================================
Received Import Request.
  Time since last request: 11.007848 seconds.
  path: Assets/aranara controller.controller
  artifactKey: Guid(079b5615face02145ac7baa7e776ebf7) Importer(815301076,1909f56bfc062723c751e8b465ee728b)
Start importing Assets/aranara controller.controller using Guid(079b5615face02145ac7baa7e776ebf7) Importer(815301076,1909f56bfc062723c751e8b465ee728b) (PreviewImporter) -> (artifact id: 'e09eeaa7df753d75db1fde57f7ff01a4') in 0.0009726 seconds
Number of updated asset objects reloaded before import = 0Number of asset objects unloaded after import = 2

========================================================================
Received Import Request.
  Time since last request: 48.968035 seconds.
  path: Assets/aranara move.anim
  artifactKey: Guid(df364effd88f7c342a4c1950406daa0a) Importer(815301076,1909f56bfc062723c751e8b465ee728b)
Start importing Assets/aranara move.anim using Guid(df364effd88f7c342a4c1950406daa0a) Importer(815301076,1909f56bfc062723c751e8b465ee728b) (PreviewImporter) -> (artifact id: '1395b7e846190d1a201b7d7405f305a4') in 0.0009881 seconds
Number of updated asset objects reloaded before import = 0Number of asset objects unloaded after import = 1

========================================================================
Received Import Request.
  Time since last request: 7265.881069 seconds.
  path: Assets/leaf sping.controller
  artifactKey: Guid(a23b0e79d04cace46af48cae40f8b9bf) Importer(815301076,1909f56bfc062723c751e8b465ee728b)
Start importing Assets/leaf sping.controller using Guid(a23b0e79d04cace46af48cae40f8b9bf) Importer(815301076,1909f56bfc062723c751e8b465ee728b) (PreviewImporter) -> (artifact id: '69b9e19e0f374c31e512e9ec9cac5ef9') in 0.0110463 seconds
Number of updated asset objects reloaded before import = 0Number of asset objects unloaded after import = 1

========================================================================
Received Import Request.
  Time since last request: 3.549262 seconds.
  path: Assets/leaf spin.controller
  artifactKey: Guid(a23b0e79d04cace46af48cae40f8b9bf) Importer(815301076,1909f56bfc062723c751e8b465ee728b)
Start importing Assets/leaf spin.controller using Guid(a23b0e79d04cace46af48cae40f8b9bf) Importer(815301076,1909f56bfc062723c751e8b465ee728b) (PreviewImporter) -> (artifact id: '74ed9856a51a45637a645feadec437b6') in 0.0015375 seconds
Number of updated asset objects reloaded before import = 0Number of asset objects unloaded after import = 2

========================================================================
Received Import Request.
  Time since last request: 15.344629 seconds.
  path: Assets/leaf spin.anim
  artifactKey: Guid(b07ca015fafcc6d47a7eb512e2d0fbf1) Importer(815301076,1909f56bfc062723c751e8b465ee728b)
Start importing Assets/leaf spin.anim using Guid(b07ca015fafcc6d47a7eb512e2d0fbf1) Importer(815301076,1909f56bfc062723c751e8b465ee728b) (PreviewImporter) -> (artifact id: 'e2a2b18295048c24ffd637b04c8dd06e') in 0.003395 seconds
Number of updated asset objects reloaded before import = 0Number of asset objects unloaded after import = 1

========================================================================
Received Import Request.
  Time since last request: 100.847637 seconds.
  path: Assets/leaf sping.controller
  artifactKey: Guid(a23b0e79d04cace46af48cae40f8b9bf) Importer(815301076,1909f56bfc062723c751e8b465ee728b)
Start importing Assets/leaf sping.controller using Guid(a23b0e79d04cace46af48cae40f8b9bf) Importer(815301076,1909f56bfc062723c751e8b465ee728b) (PreviewImporter) -> (artifact id: '51da935b9d2f0f8e17ee131f67134f8a') in 0.0010658 seconds
Number of updated asset objects reloaded before import = 0Number of asset objects unloaded after import = 2

========================================================================
Received Import Request.
  Time since last request: 1886.864042 seconds.
  path: Assets/Sequence.playable
  artifactKey: Guid(ffab4e2ad5350a84a896aadb28a43361) Importer(815301076,1909f56bfc062723c751e8b465ee728b)
Start importing Assets/Sequence.playable using Guid(ffab4e2ad5350a84a896aadb28a43361) Importer(815301076,1909f56bfc062723c751e8b465ee728b) (PreviewImporter) -> (artifact id: 'bef1e7f1018c5034cd46ef83545600d5') in 0.1483475 seconds
Number of updated asset objects reloaded before import = 0Number of asset objects unloaded after import = 30

========================================================================
Received Prepare
Assembly reference Packages/com.unity.cinemachine/Editor/Samples/ExposeHDRPInternals/HDRP-Editor-ref.asmref has no target assembly definition
Assembly reference Packages/com.unity.cinemachine/Editor/Samples/ExposeHDRPInternals/HDRP-Editor-ref.asmref has no target assembly definition
Begin MonoManager ReloadAssembly
- Loaded All Assemblies, in  1.485 seconds
Assembly reference Packages/com.unity.cinemachine/Editor/Samples/ExposeHDRPInternals/HDRP-Editor-ref.asmref has no target assembly definition
'Packages/com.unity.cinemachine/Editor/Obsolete/CinemachineVirtualCameraBaseEditor.cs' contains partial class of Unity.Object, exactly 1 of the partial classes needs to be in a file with the same filename. This is to know the one that can be referenced from ie. GameObjects
'Packages/com.unity.cinemachine/Editor/Editors/CinemachineVirtualCameraBaseEditor.cs' contains partial class of Unity.Object, exactly 1 of the partial classes needs to be in a file with the same filename. This is to know the one that can be referenced from ie. GameObjects
Refreshing native plugins compatible for Editor in 2.12 ms, found 7 plugins.
Native extension for WindowsStandalone target not found
Assembly reference Packages/com.unity.cinemachine/Editor/Samples/ExposeHDRPInternals/HDRP-Editor-ref.asmref has no target assembly definition
[Package Manager] Failed to launch server process. Reason: Unity was launched with the -noUpm command-line argument
[Package Manager] Unable to send message (not connected to server process).
[Package Manager] Cannot connect to Unity Package Manager local server
Mono: successfully reloaded assembly
- Finished resetting the current domain, in  1.083 seconds
Domain Reload Profiling: 2579ms
	BeginReloadAssembly (496ms)
		ExecutionOrderSort (0ms)
		DisableScriptedObjects (17ms)
		BackupInstance (0ms)
		ReleaseScriptingObjects (1ms)
		CreateAndSetChildDomain (205ms)
	RebuildCommonClasses (49ms)
	RebuildNativeTypeToScriptingClass (19ms)
	initialDomainReloadingComplete (36ms)
	LoadAllAssembliesAndSetupDomain (896ms)
		LoadAssemblies (597ms)
		RebuildTransferFunctionScriptingTraits (0ms)
		AnalyzeDomain (469ms)
			TypeCache.Refresh (185ms)
				TypeCache.ScanAssembly (158ms)
			BuildScriptInfoCaches (250ms)
			ResolveRequiredComponents (22ms)
	FinalizeReload (1084ms)
		ReleaseScriptCaches (0ms)
		RebuildScriptCaches (0ms)
		SetupLoadedEditorAssemblies (770ms)
			LogAssemblyErrors (0ms)
			InitializePlatformSupportModulesInManaged (3ms)
			SetLoadedEditorAssemblies (7ms)
			BeforeProcessingInitializeOnLoad (83ms)
			ProcessInitializeOnLoadAttributes (624ms)
			ProcessInitializeOnLoadMethodAttributes (47ms)
			AfterProcessingInitializeOnLoad (5ms)
			EditorAssembliesLoaded (0ms)
		ExecutionOrderSort2 (0ms)
		AwakeInstancesAfterBackupRestoration (6ms)
Refreshing native plugins compatible for Editor in 1.82 ms, found 7 plugins.
Preloading 0 native plugins for Editor in 0.00 ms.
Unloading 12 Unused Serialized files (Serialized files now loaded: 0)
Unloading 5330 unused Assets / (2.2 MB). Loaded Objects now: 5946.
Memory consumption went from 134.7 MB to 132.5 MB.
Total: 8.672300 ms (FindLiveObjects: 0.589200 ms CreateObjectMapping: 0.884200 ms MarkObjects: 5.088400 ms  DeleteObjects: 2.109000 ms)

Prepare: number of updated asset objects reloaded= 0
========================================================================
Received Import Request.
  Time since last request: 1827.239883 seconds.
  path: Assets/Sequence.playable
  artifactKey: Guid(ffab4e2ad5350a84a896aadb28a43361) Importer(815301076,1909f56bfc062723c751e8b465ee728b)
Start importing Assets/Sequence.playable using Guid(ffab4e2ad5350a84a896aadb28a43361) Importer(815301076,1909f56bfc062723c751e8b465ee728b) (PreviewImporter) -> (artifact id: 'fc92e5dec873b7059f444f3c690ddf8c') in 0.1053387 seconds
Number of updated asset objects reloaded before import = 0Number of asset objects unloaded after import = 32

========================================================================
Received Import Request.
  Time since last request: 665.948350 seconds.
  path: Assets/mayday_hug.fbx
  artifactKey: Guid(6dafff7b49804ac4db1ce37e0a4de104) Importer(815301076,1909f56bfc062723c751e8b465ee728b)
Start importing Assets/mayday_hug.fbx using Guid(6dafff7b49804ac4db1ce37e0a4de104) Importer(815301076,1909f56bfc062723c751e8b465ee728b) (PreviewImporter) -> (artifact id: '3ff67b22d1e2ce3712c6a8a536e18aba') in 0.2177629 seconds
Number of updated asset objects reloaded before import = 0Number of asset objects unloaded after import = 283

========================================================================
Received Import Request.
  Time since last request: 170.457358 seconds.
  path: Assets/mayday_hug.fbx
  artifactKey: Guid(6dafff7b49804ac4db1ce37e0a4de104) Importer(815301076,1909f56bfc062723c751e8b465ee728b)
Start importing Assets/mayday_hug.fbx using Guid(6dafff7b49804ac4db1ce37e0a4de104) Importer(815301076,1909f56bfc062723c751e8b465ee728b) (PreviewImporter) -> (artifact id: '6420ef2bf0978d28bea21191648171ad') in 0.1525886 seconds
Number of updated asset objects reloaded before import = 0Number of asset objects unloaded after import = 285

========================================================================
Received Import Request.
  Time since last request: 107.028254 seconds.
  path: Assets/mayday_hug.fbx
  artifactKey: Guid(6dafff7b49804ac4db1ce37e0a4de104) Importer(815301076,1909f56bfc062723c751e8b465ee728b)
Start importing Assets/mayday_hug.fbx using Guid(6dafff7b49804ac4db1ce37e0a4de104) Importer(815301076,1909f56bfc062723c751e8b465ee728b) (PreviewImporter) -> (artifact id: 'eeee549d323717ebd6e63339b462bc22') in 0.1043985 seconds
Number of updated asset objects reloaded before import = 0Number of asset objects unloaded after import = 285

========================================================================
Received Import Request.
  Time since last request: 53.049393 seconds.
  path: Assets/mayday_hug.controller
  artifactKey: Guid(dbe876fc0d54217448218052716ca9be) Importer(815301076,1909f56bfc062723c751e8b465ee728b)
Start importing Assets/mayday_hug.controller using Guid(dbe876fc0d54217448218052716ca9be) Importer(815301076,1909f56bfc062723c751e8b465ee728b) (PreviewImporter) -> (artifact id: '4ad49a9ae63a69109a5e05e5a2317c37') in 0.0063108 seconds
Number of updated asset objects reloaded before import = 0Number of asset objects unloaded after import = 1

========================================================================
Received Import Request.
  Time since last request: 2896.260410 seconds.
  path: Assets/vocal.mp3
  artifactKey: Guid(f4cee9d506ba36d4d81918f7211609af) Importer(815301076,1909f56bfc062723c751e8b465ee728b)
Start importing Assets/vocal.mp3 using Guid(f4cee9d506ba36d4d81918f7211609af) Importer(815301076,1909f56bfc062723c751e8b465ee728b) (PreviewImporter) -> (artifact id: '2db745e53c0d8b4992eee1ebf1033fc1') in 0.0124743 seconds
Number of updated asset objects reloaded before import = 0Number of asset objects unloaded after import = 1

========================================================================
Received Import Request.
  Time since last request: 1.972011 seconds.
  path: Assets/bgmcut.mp3
  artifactKey: Guid(6ad1f7d48dbc251408d7116f26fca109) Importer(815301076,1909f56bfc062723c751e8b465ee728b)
Start importing Assets/bgmcut.mp3 using Guid(6ad1f7d48dbc251408d7116f26fca109) Importer(815301076,1909f56bfc062723c751e8b465ee728b) (PreviewImporter) -> (artifact id: '9887ab1c6a933facfff7216942f1d0ac') in 0.22905 seconds
Number of updated asset objects reloaded before import = 0Number of asset objects unloaded after import = 2

========================================================================
Received Import Request.
  Time since last request: 94.005110 seconds.
  path: Assets/bgmcut 1.mp3
  artifactKey: Guid(3f0b505eaafe29a43987d474afdd4813) Importer(815301076,1909f56bfc062723c751e8b465ee728b)
Start importing Assets/bgmcut 1.mp3 using Guid(3f0b505eaafe29a43987d474afdd4813) Importer(815301076,1909f56bfc062723c751e8b465ee728b) (PreviewImporter) -> (artifact id: '51b628fd7b1a2f43d3e6ec8ee6858ff6') in 0.0069411 seconds
Number of updated asset objects reloaded before import = 0Number of asset objects unloaded after import = 2

========================================================================
Received Import Request.
  Time since last request: 55.627264 seconds.
  path: Assets/vocal (1).mp3
  artifactKey: Guid(4afceb05a66577541adf9fe77f87b15d) Importer(815301076,1909f56bfc062723c751e8b465ee728b)
Start importing Assets/vocal (1).mp3 using Guid(4afceb05a66577541adf9fe77f87b15d) Importer(815301076,1909f56bfc062723c751e8b465ee728b) (PreviewImporter) -> (artifact id: '9f85920393ca4f46f2877cada3d2ab7d') in 0.0083175 seconds
Number of updated asset objects reloaded before import = 0Number of asset objects unloaded after import = 2

========================================================================
Received Import Request.
  Time since last request: 5295.225167 seconds.
  path: Assets/Sequence.playable
  artifactKey: Guid(ffab4e2ad5350a84a896aadb28a43361) Importer(815301076,1909f56bfc062723c751e8b465ee728b)
Start importing Assets/Sequence.playable using Guid(ffab4e2ad5350a84a896aadb28a43361) Importer(815301076,1909f56bfc062723c751e8b465ee728b) (PreviewImporter) -> (artifact id: 'cee94c2fb28de92eedc32c32a6dcd523') in 0.0852769 seconds
Number of updated asset objects reloaded before import = 0Number of asset objects unloaded after import = 29

========================================================================
Received Import Request.
  Time since last request: 1063.102653 seconds.
  path: Assets/vocalcuttt.mp3
  artifactKey: Guid(9380888567093604a94c81f6185f25b8) Importer(815301076,1909f56bfc062723c751e8b465ee728b)
Start importing Assets/vocalcuttt.mp3 using Guid(9380888567093604a94c81f6185f25b8) Importer(815301076,1909f56bfc062723c751e8b465ee728b) (PreviewImporter) -> (artifact id: '24ceb7f56f3b61f3548c662523dfdd83') in 0.0300363 seconds
Number of updated asset objects reloaded before import = 0Number of asset objects unloaded after import = 2

========================================================================
Received Import Request.
  Time since last request: 80.952297 seconds.
  path: Assets/Sequence.playable
  artifactKey: Guid(ffab4e2ad5350a84a896aadb28a43361) Importer(815301076,1909f56bfc062723c751e8b465ee728b)
Start importing Assets/Sequence.playable using Guid(ffab4e2ad5350a84a896aadb28a43361) Importer(815301076,1909f56bfc062723c751e8b465ee728b) (PreviewImporter) -> (artifact id: '03f91d9a27f89b78073a5010507123d8') in 0.086023 seconds
Number of updated asset objects reloaded before import = 0Number of asset objects unloaded after import = 31

========================================================================
Received Prepare
Assembly reference Packages/com.unity.cinemachine/Editor/Samples/ExposeHDRPInternals/HDRP-Editor-ref.asmref has no target assembly definition
Assembly reference Packages/com.unity.cinemachine/Editor/Samples/ExposeHDRPInternals/HDRP-Editor-ref.asmref has no target assembly definition
Begin MonoManager ReloadAssembly
- Loaded All Assemblies, in  1.301 seconds
Assembly reference Packages/com.unity.cinemachine/Editor/Samples/ExposeHDRPInternals/HDRP-Editor-ref.asmref has no target assembly definition
'Packages/com.unity.cinemachine/Editor/Obsolete/CinemachineVirtualCameraBaseEditor.cs' contains partial class of Unity.Object, exactly 1 of the partial classes needs to be in a file with the same filename. This is to know the one that can be referenced from ie. GameObjects
'Packages/com.unity.cinemachine/Editor/Editors/CinemachineVirtualCameraBaseEditor.cs' contains partial class of Unity.Object, exactly 1 of the partial classes needs to be in a file with the same filename. This is to know the one that can be referenced from ie. GameObjects
Refreshing native plugins compatible for Editor in 1.89 ms, found 7 plugins.
Native extension for WindowsStandalone target not found
Assembly reference Packages/com.unity.cinemachine/Editor/Samples/ExposeHDRPInternals/HDRP-Editor-ref.asmref has no target assembly definition
[Package Manager] Failed to launch server process. Reason: Unity was launched with the -noUpm command-line argument
[Package Manager] Unable to send message (not connected to server process).
[Package Manager] Cannot connect to Unity Package Manager local server
Mono: successfully reloaded assembly
- Finished resetting the current domain, in  1.301 seconds
Domain Reload Profiling: 2606ms
	BeginReloadAssembly (493ms)
		ExecutionOrderSort (0ms)
		DisableScriptedObjects (26ms)
		BackupInstance (0ms)
		ReleaseScriptingObjects (1ms)
		CreateAndSetChildDomain (171ms)
	RebuildCommonClasses (53ms)
	RebuildNativeTypeToScriptingClass (18ms)
	initialDomainReloadingComplete (34ms)
	LoadAllAssembliesAndSetupDomain (705ms)
		LoadAssemblies (599ms)
		RebuildTransferFunctionScriptingTraits (0ms)
		AnalyzeDomain (303ms)
			TypeCache.Refresh (11ms)
				TypeCache.ScanAssembly (0ms)
			BuildScriptInfoCaches (276ms)
			ResolveRequiredComponents (9ms)
	FinalizeReload (1302ms)
		ReleaseScriptCaches (0ms)
		RebuildScriptCaches (0ms)
		SetupLoadedEditorAssemblies (763ms)
			LogAssemblyErrors (0ms)
			InitializePlatformSupportModulesInManaged (4ms)
			SetLoadedEditorAssemblies (6ms)
			BeforeProcessingInitializeOnLoad (67ms)
			ProcessInitializeOnLoadAttributes (579ms)
			ProcessInitializeOnLoadMethodAttributes (98ms)
			AfterProcessingInitializeOnLoad (8ms)
			EditorAssembliesLoaded (1ms)
		ExecutionOrderSort2 (0ms)
		AwakeInstancesAfterBackupRestoration (15ms)
Refreshing native plugins compatible for Editor in 4.62 ms, found 7 plugins.
Preloading 0 native plugins for Editor in 0.00 ms.
Unloading 11 Unused Serialized files (Serialized files now loaded: 0)
Unloading 5330 unused Assets / (0.6 MB). Loaded Objects now: 5950.
Memory consumption went from 136.8 MB to 136.2 MB.
Total: 16.572900 ms (FindLiveObjects: 1.030000 ms CreateObjectMapping: 1.474500 ms MarkObjects: 10.694800 ms  DeleteObjects: 3.372000 ms)

Prepare: number of updated asset objects reloaded= 0
